[0217/110504:ERROR:crash_report_database_win.cc(562)] CreateDirectory C:\Program Files (x86)\Jarhair\Reports\Dump: The system cannot find the path specified. (0x3)
[0217/110504:ERROR:registration_protocol_win.cc(82)] TransactNamedPipe: The pipe has been ended. (0x6D)
[0217/110504:ERROR:crash_report_database_win.cc(562)] CreateDirectory C:\Program Files (x86)\Jarhair\Reports\Dump: The system cannot find the path specified. (0x3)
[0217/120721:ERROR:crash_report_database_win.cc(562)] CreateDirectory C:\Program Files (x86)\Jarhair\Reports\Dump: The system cannot find the path specified. (0x3)
[0217/120721:ERROR:registration_protocol_win.cc(82)] TransactNamedPipe: The pipe has been ended. (0x6D)
[0217/120721:ERROR:crash_report_database_win.cc(562)] CreateDirectory C:\Program Files (x86)\Jarhair\Reports\Dump: The system cannot find the path specified. (0x3)
[0217/183100:ERROR:crash_report_database_win.cc(562)] CreateDirectory C:\Program Files (x86)\Jarhair\Reports\Dump: The system cannot find the path specified. (0x3)
[0217/183100:ERROR:registration_protocol_win.cc(82)] TransactNamedPipe: The pipe has been ended. (0x6D)
[0217/183100:ERROR:crash_report_database_win.cc(562)] CreateDirectory C:\Program Files (x86)\Jarhair\Reports\Dump: The system cannot find the path specified. (0x3)
[0217/195611:ERROR:crash_report_database_win.cc(562)] CreateDirectory C:\Program Files (x86)\Jarhair\Reports\Dump: The system cannot find the path specified. (0x3)
[0217/195611:ERROR:registration_protocol_win.cc(82)] TransactNamedPipe: The pipe has been ended. (0x6D)
[0217/195611:ERROR:crash_report_database_win.cc(562)] CreateDirectory C:\Program Files (x86)\Jarhair\Reports\Dump: The system cannot find the path specified. (0x3)
[0217/195831:ERROR:crash_report_database_win.cc(562)] CreateDirectory C:\Program Files (x86)\Jarhair\Reports\Dump: The system cannot find the path specified. (0x3)
[0217/195831:ERROR:registration_protocol_win.cc(82)] TransactNamedPipe: The pipe has been ended. (0x6D)
[0217/195831:ERROR:crash_report_database_win.cc(562)] CreateDirectory C:\Program Files (x86)\Jarhair\Reports\Dump: The system cannot find the path specified. (0x3)
[0217/200117:ERROR:crash_report_database_win.cc(562)] CreateDirectory C:\Program Files (x86)\Jarhair\Reports\Dump: The system cannot find the path specified. (0x3)
[0217/200117:ERROR:registration_protocol_win.cc(82)] TransactNamedPipe: The pipe has been ended. (0x6D)
[0217/200117:ERROR:crash_report_database_win.cc(562)] CreateDirectory C:\Program Files (x86)\Jarhair\Reports\Dump: The system cannot find the path specified. (0x3)
[0217/201536:ERROR:crash_report_database_win.cc(562)] CreateDirectory C:\Program Files (x86)\Jarhair\Reports\Dump: The system cannot find the path specified. (0x3)
[0217/201536:ERROR:registration_protocol_win.cc(82)] TransactNamedPipe: The pipe has been ended. (0x6D)
[0217/201536:ERROR:crash_report_database_win.cc(562)] CreateDirectory C:\Program Files (x86)\Jarhair\Reports\Dump: The system cannot find the path specified. (0x3)
[0411/184910.898:ERROR:file_io_win.cc(163)] CreateFile C:\Program Files (x86)\Coldmay\settings.dat: Access is denied. (0x5)
[0411/184910.913:ERROR:registration_protocol_win.cc(84)] TransactNamedPipe: The pipe has been ended. (0x6D)
[0411/184910.914:ERROR:file_io_win.cc(163)] CreateFile C:\Program Files (x86)\Coldmay\settings.dat: Access is denied. (0x5)
[0411/184911.640:ERROR:crashpad_client_win.cc(660)] crash server failed to launch, no dump captured
[0411/184933.095:ERROR:file_io_win.cc(163)] CreateFile C:\Program Files (x86)\Coldmay\settings.dat: Access is denied. (0x5)
[0411/184933.103:ERROR:registration_protocol_win.cc(84)] TransactNamedPipe: The pipe has been ended. (0x6D)
[0411/184933.106:ERROR:file_io_win.cc(163)] CreateFile C:\Program Files (x86)\Coldmay\settings.dat: Access is denied. (0x5)
[0411/184933.154:ERROR:crashpad_client_win.cc(660)] crash server failed to launch, no dump captured
[0411/185021.910:ERROR:file_io_win.cc(163)] CreateFile C:\Program Files (x86)\Coldmay\settings.dat: Access is denied. (0x5)
[0411/185022.034:ERROR:registration_protocol_win.cc(84)] TransactNamedPipe: The pipe has been ended. (0x6D)
[0411/185022.037:ERROR:file_io_win.cc(163)] CreateFile C:\Program Files (x86)\Coldmay\settings.dat: Access is denied. (0x5)
[0411/185022.080:ERROR:crashpad_client_win.cc(660)] crash server failed to launch, no dump captured
[0411/185032.595:ERROR:file_io_win.cc(163)] CreateFile C:\Program Files (x86)\Coldmay\settings.dat: Access is denied. (0x5)
[0411/185032.601:ERROR:registration_protocol_win.cc(84)] TransactNamedPipe: The pipe has been ended. (0x6D)
[0411/185032.601:ERROR:file_io_win.cc(163)] CreateFile C:\Program Files (x86)\Coldmay\settings.dat: Access is denied. (0x5)
[0411/185032.632:ERROR:crashpad_client_win.cc(660)] crash server failed to launch, no dump captured
[0415/144634.446:ERROR:file_io_win.cc(163)] CreateFile C:\Program Files (x86)\Coldmay\settings.dat: Access is denied. (0x5)
[0415/144634.453:ERROR:registration_protocol_win.cc(84)] TransactNamedPipe: The pipe has been ended. (0x6D)
[0415/144634.454:ERROR:file_io_win.cc(163)] CreateFile C:\Program Files (x86)\Coldmay\settings.dat: Access is denied. (0x5)
[0415/144635.066:ERROR:crashpad_client_win.cc(660)] crash server failed to launch, no dump captured
